
2018-05-30 09:58:11 CreateCoinStake : kernel found 성공
2018-05-30 13:19:37 CreateCoinStake : kernel found 실패 ContextualCheckZerocoinStake
2018-05-30 13:49:05 CreateCoinStake : kernel found 성공
2018-05-30 15:15:44 CreateCoinStake : kernel found 성공
2018-05-30 15:29:16 CreateCoinStake : kernel found 성공
> 4

2018-05-31 01:09:11 CreateCoinStake : kernel found 성공
2018-05-31 06:52:13 CreateCoinStake : kernel found 성공
2018-05-31 09:42:11 CreateCoinStake : kernel found 성공
2018-05-31 13:34:20 CreateCoinStake : kernel found 성공
> 4

2018-06-01 00:03:38 CreateCoinStake : kernel found 실패 ContextualCheckZerocoinStake
2018-06-01 04:26:46 CreateCoinStake : kernel found 성공
2018-06-01 08:29:43 CreateCoinStake : kernel found 성공
2018-06-01 09:43:35 CreateCoinStake : kernel found 성공
2018-06-01 16:35:30 CreateCoinStake : kernel found 실패 ContextualCheckZerocoinStake
2018-06-01 19:56:50 CreateCoinStake : kernel found 성공
> 4

2018-06-02 00:26:07 CreateCoinStake : kernel found 성공
2018-06-02 00:41:32 CreateCoinStake : kernel found 성공
2018-06-02 04:42:25 CreateCoinStake : kernel found 실패 ContextualCheckZerocoinStake
2018-06-02 06:56:28 CreateCoinStake : kernel found 실패 generated block is stale (경쟁에서 짐)
2018-06-02 06:56:31 CreateCoinStake : kernel found 성공 (바로 위와 동일한 UTXO 에서 스테이킹 되었는데, 운이 좋았던듯)
2018-06-02 09:47:13 CreateCoinStake : kernel found 성공

2018-06-02 11:42:47 CreateCoinStake : kernel found 성공
2018-06-02 17:44:31 CreateCoinStake : kernel found 성공
2018-06-02 23:48:51 CreateCoinStake : kernel found 실패 
	2018-06-02 23:48:54 CreateNewBlock(): total size 124918
	2018-06-02 23:48:57 ERROR: ContextualCheckZerocoinSpend : zPIV spend with serial f6e6de290d5a9957d927f7711ff031c569eb820ed9cb7b4c83561f6aa2132376 is already in block 1189844
	2018-06-02 23:48:57 ERROR: ConnectBlock: failed to add block 91aca89be23d6964d85bbde783caba436999c7399a935ee17f4e9f0ed5d54b11 with invalid zerocoinspend
	2018-06-02 23:48:57 CreateNewBlock() : TestBlockValidity failed
2018-06-02 23:48:58 CreateCoinStake : kernel found 성공
> 7

2018-06-03 15:09:48 CreateCoinStake : kernel found 실패 ContextualCheckZerocoinStake
2018-06-03 19:45:55 CreateCoinStake : kernel found 성공
> 1

-30 ~ +90 (120s)

2018-06-04 13:14:53 CreateCoinStake : kernel found 성공
2018-06-04 18:50:00 CreateCoinStake : kernel found 실패 (another node find short timestamp)
2018-06-04 20:05:05 CreateCoinStake : kernel found 성공
2018-06-04 20:40:22 CreateCoinStake : kernel found 실패 (another node find short timestamp)
> 2

-40 ~ +60 (100s)

2018-06-05 04:59:01 CreateCoinStake : kernel found 성공
2018-06-05 10:54:25 CreateCoinStake : kernel found 성공
2018-06-05 14:31:54 CreateCoinStake : kernel found 성공
2018-06-05 17:34:28 CreateCoinStake : kernel found 실패
	2018-06-05 17:34:30 CreateNewBlock(): total size 244522
	2018-06-05 17:34:35 ERROR: ContextualCheckZerocoinSpend : zPIV spend with serial f81d1d34749ffc3485fb95d77696ce59745bb14e508d3ee9cd2b4fc6bb5bb7d3 is already in block 1193657
	2018-06-05 17:34:35 ERROR: ConnectBlock: failed to add block a2ef25f25dccd5b69d6b537043506d02bf24793de59c91c2700ad1ff1e650b4d with invalid zerocoinspend
	2018-06-05 17:34:35 CreateNewBlock() : TestBlockValidity failed
2018-06-05 17:34:36 CreateCoinStake : kernel found 성공 (정확히 위에서 다음 해싱 라운드 였음)
	2018-06-05 17:34:40 CreateNewBlock(): total size 1000 # 트랜잭션이 없어서 성공한 것 맞다. 가비지컬렉션이 안되는 것 인가?

2018-06-05 21:05:26 CreateCoinStake : kernel found 성공
2018-06-05 22:32:58 CreateCoinStake : kernel found 성공
> 6

2018-06-06 03:15:19 CreateCoinStake : kernel found 성공
2018-06-06 08:56:42 CreateCoinStake : kernel found 성공
2018-06-06 23:13:27 CreateCoinStake : kernel found 실패 ContextualCheckZerocoinStake
> 2

2018-06-07 19:38:33 CreateCoinStake : kernel found 실패 generated block is stale (경쟁에서 짐)
2018-06-07 19:38:42 CreateCoinStake : kernel found 성공 (바로 위와 동일한 UTXO 에서 스테이킹 되었는데, 2번째임, 운이 아닌거 같은데...)
> 1

2018-06-08 09:20:14 CreateCoinStake : kernel found 실패 ContextualCheckZerocoinStake
2018-06-08 13:50:46 CreateCoinStake : kernel found 실패 ContextualCheckZerocoinStake
2018-06-08 14:40:29 CreateCoinStake : kernel found 성공
2018-06-08 15:07:19 CreateCoinStake : kernel found 성공
> 2

2018-06-09 13:46:14 CreateCoinStake : kernel found 성공
2018-06-09 20:02:55 CreateCoinStake : kernel found 성공
2018-06-09 22:06:55 CreateCoinStake : kernel found 성공
> 3

2018-06-10 11:36:03 CreateCoinStake : kernel found 성공 > 로그상 실패 여야 하는데 왜 성공이지? (another node find short timestamp) > 맥북에어에서 성공
2018-06-10 12:08:19 CreateCoinStake : kernel found 실패 ContextualCheckZerocoinStake
2018-06-10 12:21:02 CreateCoinStake : kernel found 성공
2018-06-10 14:03:35 CreateCoinStake : kernel found 성공
2018-06-10 16:59:54 CreateCoinStake : kernel found 성공
2018-06-10 20:40:45 CreateCoinStake : kernel found 성공
2018-06-10 22:42:03 CreateCoinStake : kernel found 성공
> 6

2018-06-11 04:02:00 CreateCoinStake : kernel found 성공 (맥북에어)
2018-06-11 05:54:31 CreateCoinStake : kernel found 실패 포함된 트랜잭션이 너무 많음 - CreateNewBlock(): total size 748900
2018-06-11 08:43:58 CreateCoinStake : kernel found 실패 
2018-06-11 08:44:02 CreateNewBlock(): total size 650841
	2018-06-11 08:44:16 ERROR: ContextualCheckZerocoinSpend : zPIV spend with serial f9ffabeb1ed17bfef24fe3dbe144930714873894107953531822fcf588196702 is already in block 1201921
	2018-06-11 08:44:16 ERROR: ConnectBlock: failed to add block 70eb9835f63c82aa4da84191cf8bf32005af2e001a4acd574511215ed5236b16 with invalid zerocoinspend
	2018-06-11 08:44:16 CreateNewBlock() : TestBlockValidity failed
2018-06-11 08:44:17 CreateCoinStake : kernel found 성공
2018-06-11 22:05:00 CreateCoinStake : kernel found 실패 (경쟁에서 짐)
	2018-06-11 22:05:04 ERROR: ContextualCheckBlock : block height mismatch in coinbase
	2018-06-11 22:05:04 ERROR: ProcessNewBlock : AcceptBlock FAILED
	2018-06-11 22:05:04 ERROR: PIVXMiner : ProcessNewBlock, block not accepted
2018-06-11 22:05:04 CreateCoinStake : kernel found 성공 (바로 위와 동일한 UTXO 에서 스테이킹 되었는데, 3번째임, 운이 아닌거 같은데...)
> 3

2018-06-12 04:43:04 CreateCoinStake : kernel found 성공
2018-06-12 06:35:42 CreateCoinStake : kernel found 실패
2018-06-12 06:35:46 CreateNewBlock(): total size 718692
	2018-06-12 06:36:00 ERROR: ContextualCheckZerocoinSpend : zPIV spend with serial f78caa703769eadd7b0a3b47f9ef769dead4f5548cdb4661d0c4132f8c0d601f is already in block 1203237
	2018-06-12 06:36:00 ERROR: ConnectBlock: failed to add block f49e0fafc00abeb2f1f7370d3543ee67b38889db206af4926c5fab3de2b32e25 with invalid zerocoinspend
	2018-06-12 06:36:00 CreateNewBlock() : TestBlockValidity failed
2018-06-12 06:36:02 CreateCoinStake : kernel found 성공
2018-06-12 07:20:36 CreateCoinStake : kernel found 성공

